This is XeTeX, Version 3.14159265-2.6-0.99998 (TeX Live 2017) (preloaded format=xelatex 2018.4.4)  17 OCT 2018 09:23
entering extended mode
 restricted \write18 enabled.
 file:line:error style messages enabled.
 %&-line parsing enabled.
**thesis.tex
(./thesis.tex
LaTeX2e <2017-04-15>
Babel <3.10> and hyphenation patterns for 84 language(s) loaded.
(/usr/local/texlive/2017/texmf-dist/tex/latex/base/report.cls
Document Class: report 2014/09/29 v1.4h Standard LaTeX document class
(/usr/local/texlive/2017/texmf-dist/tex/latex/base/size11.clo
File: size11.clo 2014/09/29 v1.4h Standard LaTeX file (size option)
)
\c@part=\count79
\c@chapter=\count80
\c@section=\count81
\c@subsection=\count82
\c@subsubsection=\count83
\c@paragraph=\count84
\c@subparagraph=\count85
\c@figure=\count86
\c@table=\count87
\abovecaptionskip=\skip41
\belowcaptionskip=\skip42
\bibindent=\dimen102
) (/usr/local/texlive/2017/texmf-dist/tex/latex/base/inputenc.sty
Package: inputenc 2015/03/17 v1.2c Input encoding file
\inpenc@prehook=\toks14
\inpenc@posthook=\toks15


Package inputenc Warning: inputenc package ignored with utf8 based engines.

) (/usr/local/texlive/2017/texmf-dist/tex/latex/graphics/graphicx.sty
Package: graphicx 2014/10/28 v1.0g Enhanced LaTeX Graphics (DPC,SPQR)
 (/usr/local/texlive/2017/texmf-dist/tex/latex/graphics/keyval.sty
Package: keyval 2014/10/28 v1.15 key=value parser (DPC)
\KV@toks@=\toks16
) (/usr/local/texlive/2017/texmf-dist/tex/latex/graphics/graphics.sty
Package: graphics 2017/04/14 v1.1b Standard LaTeX Graphics (DPC,SPQR)
 (/usr/local/texlive/2017/texmf-dist/tex/latex/graphics/trig.sty
Package: trig 2016/01/03 v1.10 sin cos tan (DPC)
) (/usr/local/texlive/2017/texmf-dist/tex/latex/graphics-cfg/graphics.cfg
File: graphics.cfg 2016/06/04 v1.11 sample graphics configuration
)
Package graphics Info: Driver file: xetex.def on input line 99.
 (/usr/local/texlive/2017/texmf-dist/tex/latex/graphics-def/xetex.def
File: xetex.def 2016/07/11 v4.10 LaTeX color/graphics driver for XeTeX (L3/RRM/JK)
))
\Gin@req@height=\dimen103
\Gin@req@width=\dimen104
) (/usr/local/texlive/2017/texmf-dist/tex/latex/geometry/geometry.sty
Package: geometry 2010/09/12 v5.6 Page Geometry
 (/usr/local/texlive/2017/texmf-dist/tex/generic/oberdiek/ifpdf.sty
Package: ifpdf 2017/03/15 v3.2 Provides the ifpdf switch
) (/usr/local/texlive/2017/texmf-dist/tex/generic/oberdiek/ifvtex.sty
Package: ifvtex 2016/05/16 v1.6 Detect VTeX and its facilities (HO)
Package ifvtex Info: VTeX not detected.
) (/usr/local/texlive/2017/texmf-dist/tex/generic/ifxetex/ifxetex.sty
Package: ifxetex 2010/09/12 v0.6 Provides ifxetex conditional
)
\Gm@cnth=\count88
\Gm@cntv=\count89
\c@Gm@tempcnt=\count90
\Gm@bindingoffset=\dimen105
\Gm@wd@mp=\dimen106
\Gm@odd@mp=\dimen107
\Gm@even@mp=\dimen108
\Gm@layoutwidth=\dimen109
\Gm@layoutheight=\dimen110
\Gm@layouthoffset=\dimen111
\Gm@layoutvoffset=\dimen112
\Gm@dimlist=\toks17
) (/usr/local/texlive/2017/texmf-dist/tex/latex/fancyhdr/fancyhdr.sty
Package: fancyhdr 2016/09/06 3.8 Extensive control of page headers and footers
\fancy@headwidth=\skip43
\f@ncyO@elh=\skip44
\f@ncyO@erh=\skip45
\f@ncyO@olh=\skip46
\f@ncyO@orh=\skip47
\f@ncyO@elf=\skip48
\f@ncyO@erf=\skip49
\f@ncyO@olf=\skip50
\f@ncyO@orf=\skip51
) (/usr/local/texlive/2017/texmf-dist/tex/latex/emptypage/emptypage.sty
Package: emptypage 2010/05/30 v1.2 Suppress page numbers and headings on empty pages
) (/usr/local/texlive/2017/texmf-dist/tex/latex/biblatex/biblatex.sty
Package: biblatex 2016/12/05 v3.7 programmable bibliographies (PK/JW/AB)
 (/usr/local/texlive/2017/texmf-dist/tex/generic/oberdiek/pdftexcmds.sty
Package: pdftexcmds 2017/03/19 v0.25 Utility functions of pdfTeX for LuaTeX (HO)
 (/usr/local/texlive/2017/texmf-dist/tex/generic/oberdiek/infwarerr.sty
Package: infwarerr 2016/05/16 v1.4 Providing info/warning/error messages (HO)
) (/usr/local/texlive/2017/texmf-dist/tex/generic/oberdiek/ifluatex.sty
Package: ifluatex 2016/05/16 v1.4 Provides the ifluatex switch (HO)
Package ifluatex Info: LuaTeX not detected.
) (/usr/local/texlive/2017/texmf-dist/tex/generic/oberdiek/ltxcmds.sty
Package: ltxcmds 2016/05/16 v1.23 LaTeX kernel commands for general use (HO)
)
Package pdftexcmds Info: LuaTeX not detected.
Package pdftexcmds Info: pdfTeX >= 1.30 not detected.
Package pdftexcmds Info: \pdf@primitive is available.
Package pdftexcmds Info: \pdf@ifprimitive is available.
Package pdftexcmds Info: \pdfdraftmode not found.
) (/usr/local/texlive/2017/texmf-dist/tex/latex/etoolbox/etoolbox.sty
Package: etoolbox 2017/01/02 v2.4 e-TeX tools for LaTeX (JAW)
\etb@tempcnta=\count91
) (/usr/local/texlive/2017/texmf-dist/tex/latex/oberdiek/kvoptions.sty
Package: kvoptions 2016/05/16 v3.12 Key value format for package options (HO)
 (/usr/local/texlive/2017/texmf-dist/tex/generic/oberdiek/kvsetkeys.sty
Package: kvsetkeys 2016/05/16 v1.17 Key value parser (HO)
 (/usr/local/texlive/2017/texmf-dist/tex/generic/oberdiek/etexcmds.sty
Package: etexcmds 2016/05/16 v1.6 Avoid name clashes with e-TeX commands (HO)
Package etexcmds Info: Could not find \expanded.
(etexcmds)             That can mean that you are not using pdfTeX 1.50 or
(etexcmds)             that some package has redefined \expanded.
(etexcmds)             In the latter case, load this package earlier.
))) (/usr/local/texlive/2017/texmf-dist/tex/latex/logreq/logreq.sty
Package: logreq 2010/08/04 v1.0 xml request logger
\lrq@indent=\count92
 (/usr/local/texlive/2017/texmf-dist/tex/latex/logreq/logreq.def
File: logreq.def 2010/08/04 v1.0 logreq spec v1.0
)) (/usr/local/texlive/2017/texmf-dist/tex/latex/base/ifthen.sty
Package: ifthen 2014/09/29 v1.1c Standard LaTeX ifthen package (DPC)
) (/usr/local/texlive/2017/texmf-dist/tex/latex/url/url.sty
\Urlmuskip=\muskip10
Package: url 2013/09/16  ver 3.4  Verb mode for urls, etc.
) (/usr/local/texlive/2017/texmf-dist/tex/generic/xstring/xstring.sty (/usr/local/texlive/2017/texmf-dist/tex/generic/xstring/xstring.tex
\@xs@message=\write3
\integerpart=\count93
\decimalpart=\count94
)
Package: xstring 2013/10/13  v1.7c  String manipulations (C Tellechea)
)
\c@tabx@nest=\count95
\c@listtotal=\count96
\c@listcount=\count97
\c@liststart=\count98
\c@liststop=\count99
\c@citecount=\count100
\c@citetotal=\count101
\c@multicitecount=\count102
\c@multicitetotal=\count103
\c@instcount=\count104
\c@maxnames=\count105
\c@minnames=\count106
\c@maxitems=\count107
\c@minitems=\count108
\c@citecounter=\count109
\c@savedcitecounter=\count110
\c@uniquelist=\count111
\c@uniquename=\count112
\c@refsection=\count113
\c@refsegment=\count114
\c@maxextratitle=\count115
\c@maxextratitleyear=\count116
\c@maxextrayear=\count117
\c@maxextraalpha=\count118
\c@abbrvpenalty=\count119
\c@highnamepenalty=\count120
\c@lownamepenalty=\count121
\c@maxparens=\count122
\c@parenlevel=\count123
\blx@tempcnta=\count124
\blx@tempcntb=\count125
\blx@tempcntc=\count126
\blx@maxsection=\count127
\blx@maxsegment@0=\count128
\blx@notetype=\count129
\blx@parenlevel@text=\count130
\blx@parenlevel@foot=\count131
\blx@sectionciteorder@0=\count132
\labelnumberwidth=\skip52
\labelalphawidth=\skip53
\biblabelsep=\skip54
\bibitemsep=\skip55
\bibnamesep=\skip56
\bibinitsep=\skip57
\bibparsep=\skip58
\bibhang=\skip59
\blx@bcfin=\read1
\blx@bcfout=\write4
\c@mincomprange=\count133
\c@maxcomprange=\count134
\c@mincompwidth=\count135
Package biblatex Info: Trying to load biblatex default data model...
Package biblatex Info: ... file 'blx-dm.def' found.
 (/usr/local/texlive/2017/texmf-dist/tex/latex/biblatex/blx-dm.def)
Package biblatex Info: Trying to load biblatex style data model...
Package biblatex Info: ... file 'alphabetic.dbx' not found.
Package biblatex Info: Trying to load biblatex custom data model...
Package biblatex Info: ... file 'biblatex-dm.cfg' not found.
\c@afterword=\count136
\c@savedafterword=\count137
\c@annotator=\count138
\c@savedannotator=\count139
\c@author=\count140
\c@savedauthor=\count141
\c@bookauthor=\count142
\c@savedbookauthor=\count143
\c@commentator=\count144
\c@savedcommentator=\count145
\c@editor=\count146
\c@savededitor=\count147
\c@editora=\count148
\c@savededitora=\count149
\c@editorb=\count150
\c@savededitorb=\count151
\c@editorc=\count152
\c@savededitorc=\count153
\c@foreword=\count154
\c@savedforeword=\count155
\c@holder=\count156
\c@savedholder=\count157
\c@introduction=\count158
\c@savedintroduction=\count159
\c@namea=\count160
\c@savednamea=\count161
\c@nameb=\count162
\c@savednameb=\count163
\c@namec=\count164
\c@savednamec=\count165
\c@translator=\count166
\c@savedtranslator=\count167
\c@shortauthor=\count168
\c@savedshortauthor=\count169
\c@shorteditor=\count170
\c@savedshorteditor=\count171
\c@labelname=\count172
\c@savedlabelname=\count173
\c@institution=\count174
\c@savedinstitution=\count175
\c@lista=\count176
\c@savedlista=\count177
\c@listb=\count178
\c@savedlistb=\count179
\c@listc=\count180
\c@savedlistc=\count181
\c@listd=\count182
\c@savedlistd=\count183
\c@liste=\count184
\c@savedliste=\count185
\c@listf=\count186
\c@savedlistf=\count187
\c@location=\count188
\c@savedlocation=\count189
\c@organization=\count190
\c@savedorganization=\count191
\c@origlocation=\count192
\c@savedoriglocation=\count193
\c@origpublisher=\count194
\c@savedorigpublisher=\count195
\c@publisher=\count196
\c@savedpublisher=\count197
\c@language=\count198
\c@savedlanguage=\count199
\c@pageref=\count266
\c@savedpageref=\count267
\shorthandwidth=\skip60
\shortjournalwidth=\skip61
\shortserieswidth=\skip62
\shorttitlewidth=\skip63
\shortauthorwidth=\skip64
\shorteditorwidth=\skip65
Package biblatex Info: Trying to load compatibility code...
Package biblatex Info: ... file 'blx-compat.def' found.
 (/usr/local/texlive/2017/texmf-dist/tex/latex/biblatex/blx-compat.def
File: blx-compat.def 2016/12/05 v3.7 biblatex compatibility (PK/JW/AB)
)
Package biblatex Info: Trying to load generic definitions...
Package biblatex Info: ... file 'biblatex.def' found.

(/usr/local/texlive/2017/texmf-dist/tex/latex/biblatex/biblatex.def
File: biblatex.def 2016/12/05 v3.7 biblatex compatibility (PK/JW/AB)
\c@textcitecount=\count268
\c@textcitetotal=\count269
\c@textcitemaxnames=\count270
\c@biburlnumpenalty=\count271
\c@biburlucpenalty=\count272
\c@biburllcpenalty=\count273
\c@smartand=\count274
)
Package biblatex Info: Trying to load bibliography style 'alphabetic'...
Package biblatex Info: ... file 'alphabetic.bbx' found.
 (/usr/local/texlive/2017/texmf-dist/tex/latex/biblatex/bbx/alphabetic.bbx
File: alphabetic.bbx 2016/12/05 v3.7 biblatex bibliography style (PK/JW/AB)
Package biblatex Info: Trying to load bibliography style 'standard'...
Package biblatex Info: ... file 'standard.bbx' found.
 (/usr/local/texlive/2017/texmf-dist/tex/latex/biblatex/bbx/standard.bbx
File: standard.bbx 2016/12/05 v3.7 biblatex bibliography style (PK/JW/AB)
\c@bbx:relatedcount=\count275
\c@bbx:relatedtotal=\count276
))
Package biblatex Info: Trying to load citation style 'alphabetic'...
Package biblatex Info: ... file 'alphabetic.cbx' found.
 (/usr/local/texlive/2017/texmf-dist/tex/latex/biblatex/cbx/alphabetic.cbx
File: alphabetic.cbx 2016/12/05 v3.7 biblatex citation style (PK/JW/AB)
Package biblatex Info: Redefining '\cite'.
Package biblatex Info: Redefining '\parencite'.
Package biblatex Info: Redefining '\footcite'.
Package biblatex Info: Redefining '\footcitetext'.
Package biblatex Info: Redefining '\smartcite'.
Package biblatex Info: Redefining '\textcite'.
Package biblatex Info: Redefining '\textcites'.
Package biblatex Info: Redefining '\cites'.
Package biblatex Info: Redefining '\parencites'.
Package biblatex Info: Redefining '\smartcites'.
)
Package biblatex Info: Trying to load configuration file...
Package biblatex Info: ... file 'biblatex.cfg' found.
 (/usr/local/texlive/2017/texmf-dist/tex/latex/biblatex/biblatex.cfg
File: biblatex.cfg 
)) (/usr/local/texlive/2017/texmf-dist/tex/generic/babel/babel.sty
Package: babel 2017/05/19 3.10 The Babel package
 (/usr/local/texlive/2017/texmf-dist/tex/generic/babel-german/ngerman.ldf
Language: ngerman 2016/11/02 v2.9 German support for babel (new orthography)
 (/usr/local/texlive/2017/texmf-dist/tex/generic/babel-german/ngermanb.ldf
Language: ngermanb 2016/11/02 v2.9 German support for babel (new orthography)
 (/usr/local/texlive/2017/texmf-dist/tex/generic/babel/babel.def
File: babel.def 2017/05/19 3.10 Babel common definitions
\babel@savecnt=\count277
\U@D=\dimen113
 (/usr/local/texlive/2017/texmf-dist/tex/generic/babel/xebabel.def))
Package babel Info: Making " an active character on input line 125.
))) (/usr/local/texlive/2017/texmf-dist/tex/latex/glossaries/base/glossaries.sty
Package: glossaries 2017/01/19 v4.29 (NLCT)
 (/usr/local/texlive/2017/texmf-dist/tex/latex/xkeyval/xkeyval.sty
Package: xkeyval 2014/12/03 v2.7a package option processing (HA)
 (/usr/local/texlive/2017/texmf-dist/tex/generic/xkeyval/xkeyval.tex (/usr/local/texlive/2017/texmf-dist/tex/generic/xkeyval/xkvutils.tex
\XKV@toks=\toks18
\XKV@tempa@toks=\toks19
)
\XKV@depth=\count278
File: xkeyval.tex 2014/12/03 v2.7a key=value parser (HA)
)) (/usr/local/texlive/2017/texmf-dist/tex/latex/mfirstuc/mfirstuc.sty
Package: mfirstuc 2016/07/31 v2.04 (NLCT)
\@glsmfirst=\toks20
\@glsmrest=\toks21
) (/usr/local/texlive/2017/texmf-dist/tex/latex/textcase/textcase.sty
Package: textcase 2004/10/07 v0.07 Text only upper/lower case changing (DPC)
) (/usr/local/texlive/2017/texmf-dist/tex/latex/xfor/xfor.sty
Package: xfor 2009/02/05 v1.05 (NLCT)
) (/usr/local/texlive/2017/texmf-dist/tex/latex/datatool/datatool-base.sty
Package: datatool-base 2016/07/28 v2.27 (NLCT)
 (/usr/local/texlive/2017/texmf-dist/tex/latex/amsmath/amsmath.sty
Package: amsmath 2016/11/05 v2.16a AMS math features
\@mathmargin=\skip66

For additional information on amsmath, use the `?' option.
(/usr/local/texlive/2017/texmf-dist/tex/latex/amsmath/amstext.sty
Package: amstext 2000/06/29 v2.01 AMS text
 (/usr/local/texlive/2017/texmf-dist/tex/latex/amsmath/amsgen.sty
File: amsgen.sty 1999/11/30 v2.0 generic functions
\@emptytoks=\toks22
\ex@=\dimen114
)) (/usr/local/texlive/2017/texmf-dist/tex/latex/amsmath/amsbsy.sty
Package: amsbsy 1999/11/29 v1.2d Bold Symbols
\pmbraise@=\dimen115
) (/usr/local/texlive/2017/texmf-dist/tex/latex/amsmath/amsopn.sty
Package: amsopn 2016/03/08 v2.02 operator names
)
\inf@bad=\count279
LaTeX Info: Redefining \frac on input line 213.
\uproot@=\count280
\leftroot@=\count281
LaTeX Info: Redefining \overline on input line 375.
\classnum@=\count282
\DOTSCASE@=\count283
LaTeX Info: Redefining \ldots on input line 472.
LaTeX Info: Redefining \dots on input line 475.
LaTeX Info: Redefining \cdots on input line 596.
\Mathstrutbox@=\box26
\strutbox@=\box27
\big@size=\dimen116
LaTeX Font Info:    Redeclaring font encoding OML on input line 712.
LaTeX Font Info:    Redeclaring font encoding OMS on input line 713.
\macc@depth=\count284
\c@MaxMatrixCols=\count285
\dotsspace@=\muskip11
\c@parentequation=\count286
\dspbrk@lvl=\count287
\tag@help=\toks23
\row@=\count288
\column@=\count289
\maxfields@=\count290
\andhelp@=\toks24
\eqnshift@=\dimen117
\alignsep@=\dimen118
\tagshift@=\dimen119
\tagwidth@=\dimen120
\totwidth@=\dimen121
\lineht@=\dimen122
\@envbody=\toks25
\multlinegap=\skip67
\multlinetaggap=\skip68
\mathdisplay@stack=\toks26
LaTeX Info: Redefining \[ on input line 2817.
LaTeX Info: Redefining \] on input line 2818.
) (/usr/local/texlive/2017/texmf-dist/tex/latex/substr/substr.sty
Package: substr 2009/10/20 v1.2 Handle substrings
\c@su@anzahl=\count291
) (/usr/local/texlive/2017/texmf-dist/tex/latex/datatool/datatool-fp.sty
Package: datatool-fp 2016/07/28 v2.27 (NLCT)
 (/usr/local/texlive/2017/texmf-dist/tex/latex/fp/fp.sty
Package: fp 1995/04/02
 `Fixed Point Package', Version 0.8, April 2, 1995 (C) Michael Mehlich (/usr/local/texlive/2017/texmf-dist/tex/latex/fp/defpattern.sty
Package: defpattern 1994/10/12
\actioncount=\count292
) (/usr/local/texlive/2017/texmf-dist/tex/latex/fp/fp-basic.sty
Package: fp-basic 1996/05/13
\FP@xs=\count293
\FP@xia=\count294
\FP@xib=\count295
\FP@xfa=\count296
\FP@xfb=\count297
\FP@rega=\count298
\FP@regb=\count299
\FP@regs=\count300
\FP@times=\count301
) (/usr/local/texlive/2017/texmf-dist/tex/latex/fp/fp-addons.sty
Package: fp-addons 1995/03/15
) (/usr/local/texlive/2017/texmf-dist/tex/latex/fp/fp-snap.sty
Package: fp-snap 1995/04/05
) (/usr/local/texlive/2017/texmf-dist/tex/latex/fp/fp-exp.sty
Package: fp-exp 1995/04/03
) (/usr/local/texlive/2017/texmf-dist/tex/latex/fp/fp-trigo.sty
Package: fp-trigo 1995/04/14
) (/usr/local/texlive/2017/texmf-dist/tex/latex/fp/fp-pas.sty
Package: fp-pas 1994/08/29
) (/usr/local/texlive/2017/texmf-dist/tex/latex/fp/fp-random.sty
Package: fp-random 1995/02/23
\FPseed=\count302
) (/usr/local/texlive/2017/texmf-dist/tex/latex/fp/fp-eqn.sty
Package: fp-eqn 1995/04/03
) (/usr/local/texlive/2017/texmf-dist/tex/latex/fp/fp-upn.sty
Package: fp-upn 1996/10/21
) (/usr/local/texlive/2017/texmf-dist/tex/latex/fp/fp-eval.sty
Package: fp-eval 1995/04/03
)))
\@dtl@toks=\toks27
\@dtl@tmpcount=\count303
\dtl@tmplength=\skip69
\dtl@sortresult=\count304
\@dtl@numgrpsepcount=\count305
\@dtl@datatype=\count306
\dtl@codeA=\count307
\dtl@codeB=\count308
\@dtl@foreach@level=\count309
) (/usr/local/texlive/2017/texmf-dist/tex/latex/glossaries/base/glossaries-compatible-307.sty
Package: glossaries-compatible-307 2017/01/19 v4.29 (NLCT)
) (/usr/local/texlive/2017/texmf-dist/tex/latex/tracklang/tracklang.sty
Package: tracklang 2017/03/25 v1.3.4 (NLCT) Track Languages
 (/usr/local/texlive/2017/texmf-dist/tex/generic/tracklang/tracklang.tex)) (/usr/local/texlive/2017/texmf-dist/tex/latex/beamer/translator/translator.sty
Package: translator 2010/06/12 ver 1.10
 (/usr/local/texlive/2017/texmf-dist/tex/latex/beamer/translator/translator-language-mappings.tex)) (/usr/local/texlive/2017/texmf-dist/tex/latex/glossaries-german/glossaries-german.ldf
File: glossaries-german.ldf 2014/11/23 v1.0
)
\gls@level=\count310
\@gls@tmpb=\toks28
\gls@tmplen=\skip70
\glskeylisttok=\toks29
\glslabeltok=\toks30
\glsshorttok=\toks31
\glslongtok=\toks32
 (/usr/local/texlive/2017/texmf-dist/tex/latex/glossaries/styles/glossary-hypernav.sty
Package: glossary-hypernav 2017/01/19 v4.29 (NLCT)
) (/usr/local/texlive/2017/texmf-dist/tex/latex/glossaries/styles/glossary-list.sty
Package: glossary-list 2017/01/19 v4.29 (NLCT)
\glslistdottedwidth=\skip71
) (/usr/local/texlive/2017/texmf-dist/tex/latex/glossaries/styles/glossary-long.sty
Package: glossary-long 2017/01/19 v4.29 (NLCT)
 (/usr/local/texlive/2017/texmf-dist/tex/latex/tools/longtable.sty
Package: longtable 2014/10/28 v4.11 Multi-page Table package (DPC)
\LTleft=\skip72
\LTright=\skip73
\LTpre=\skip74
\LTpost=\skip75
\LTchunksize=\count311
\LTcapwidth=\dimen123
\LT@head=\box28
\LT@firsthead=\box29
\LT@foot=\box30
\LT@lastfoot=\box31
\LT@cols=\count312
\LT@rows=\count313
\c@LT@tables=\count314
\c@LT@chunks=\count315
\LT@p@ftn=\toks33
)
\glsdescwidth=\skip76
\glspagelistwidth=\skip77
)
(/usr/local/texlive/2017/texmf-dist/tex/latex/glossaries/styles/glossary-super.sty
Package: glossary-super 2017/01/19 v4.29 (NLCT)
 (/usr/local/texlive/2017/texmf-dist/tex/latex/supertabular/supertabular.sty
Package: supertabular 2004/02/20 v4.1e the supertabular environment
\c@tracingst=\count316
\ST@wd=\dimen124
\ST@rightskip=\skip78
\ST@leftskip=\skip79
\ST@parfillskip=\skip80
\ST@pageleft=\dimen125
\ST@headht=\dimen126
\ST@tailht=\dimen127
\ST@pagesofar=\dimen128
\ST@pboxht=\dimen129
\ST@lineht=\dimen130
\ST@stretchht=\dimen131
\ST@prevht=\dimen132
\ST@toadd=\dimen133
\ST@dimen=\dimen134
\ST@pbox=\box32
)) (/usr/local/texlive/2017/texmf-dist/tex/latex/glossaries/styles/glossary-tree.sty
Package: glossary-tree 2017/01/19 v4.29 (NLCT)
\glstreeindent=\skip81
)) (/usr/local/texlive/2017/texmf-dist/tex/latex/setspace/setspace.sty
Package: setspace 2011/12/19 v6.7a set line spacing
) (/usr/local/texlive/2017/texmf-dist/tex/latex/titlesec/titlesec.sty
Package: titlesec 2016/03/21 v2.10.2 Sectioning titles
\ttl@box=\box33
\beforetitleunit=\skip82
\aftertitleunit=\skip83
\ttl@plus=\dimen135
\ttl@minus=\dimen136
\ttl@toksa=\toks34
\titlewidth=\dimen137
\titlewidthlast=\dimen138
\titlewidthfirst=\dimen139
) (/usr/local/texlive/2017/texmf-dist/tex/latex/hyperref/hyperref.sty
Package: hyperref 2017/03/14 v6.85a Hypertext links for LaTeX
 (/usr/local/texlive/2017/texmf-dist/tex/generic/oberdiek/hobsub-hyperref.sty
Package: hobsub-hyperref 2016/05/16 v1.14 Bundle oberdiek, subset hyperref (HO)
 (/usr/local/texlive/2017/texmf-dist/tex/generic/oberdiek/hobsub-generic.sty
Package: hobsub-generic 2016/05/16 v1.14 Bundle oberdiek, subset generic (HO)
Package: hobsub 2016/05/16 v1.14 Construct package bundles (HO)
Package hobsub Info: Skipping package `infwarerr' (already loaded).
Package hobsub Info: Skipping package `ltxcmds' (already loaded).
Package hobsub Info: Skipping package `ifluatex' (already loaded).
Package hobsub Info: Skipping package `ifvtex' (already loaded).
Package: intcalc 2016/05/16 v1.2 Expandable calculations with integers (HO)
Package hobsub Info: Skipping package `ifpdf' (already loaded).
Package hobsub Info: Skipping package `etexcmds' (already loaded).
Package hobsub Info: Skipping package `kvsetkeys' (already loaded).
Package: kvdefinekeys 2016/05/16 v1.4 Define keys (HO)
Package hobsub Info: Skipping package `pdftexcmds' (already loaded).
Package: pdfescape 2016/05/16 v1.14 Implements pdfTeX's escape features (HO)
Package: bigintcalc 2016/05/16 v1.4 Expandable calculations on big integers (HO)
Package: bitset 2016/05/16 v1.2 Handle bit-vector datatype (HO)
Package: uniquecounter 2016/05/16 v1.3 Provide unlimited unique counter (HO)
)
Package hobsub Info: Skipping package `hobsub' (already loaded).
Package: letltxmacro 2016/05/16 v1.5 Let assignment for LaTeX macros (HO)
Package: hopatch 2016/05/16 v1.3 Wrapper for package hooks (HO)
Package: xcolor-patch 2016/05/16 xcolor patch
Package: atveryend 2016/05/16 v1.9 Hooks at the very end of document (HO)
Package: atbegshi 2016/06/09 v1.18 At begin shipout hook (HO)
Package: refcount 2016/05/16 v3.5 Data extraction from label references (HO)
Package: hycolor 2016/05/16 v1.8 Color options for hyperref/bookmark (HO)
) (/usr/local/texlive/2017/texmf-dist/tex/latex/oberdiek/auxhook.sty
Package: auxhook 2016/05/16 v1.4 Hooks for auxiliary files (HO)
)
\@linkdim=\dimen140
\Hy@linkcounter=\count317
\Hy@pagecounter=\count318
 (/usr/local/texlive/2017/texmf-dist/tex/latex/hyperref/pd1enc.def
File: pd1enc.def 2017/03/14 v6.85a Hyperref: PDFDocEncoding definition (HO)
)
\Hy@SavedSpaceFactor=\count319
 (/usr/local/texlive/2017/texmf-dist/tex/latex/latexconfig/hyperref.cfg
File: hyperref.cfg 2002/06/06 v1.2 hyperref configuration of TeXLive
)
Package hyperref Info: Hyper figures OFF on input line 4498.
Package hyperref Info: Link nesting OFF on input line 4503.
Package hyperref Info: Hyper index ON on input line 4506.
Package hyperref Info: Plain pages OFF on input line 4513.
Package hyperref Info: Backreferencing OFF on input line 4518.
Package hyperref Info: Implicit mode ON; LaTeX internals redefined.
Package hyperref Info: Bookmarks ON on input line 4751.
\c@Hy@tempcnt=\count320
LaTeX Info: Redefining \url on input line 5104.
\XeTeXLinkMargin=\dimen141
\Fld@menulength=\count321
\Field@Width=\dimen142
\Fld@charsize=\dimen143
Package hyperref Info: Hyper figures OFF on input line 6358.
Package hyperref Info: Link nesting OFF on input line 6363.
Package hyperref Info: Hyper index ON on input line 6366.
Package hyperref Info: backreferencing OFF on input line 6373.
Package hyperref Info: Link coloring OFF on input line 6378.
Package hyperref Info: Link coloring with OCG OFF on input line 6383.
Package hyperref Info: PDF/A mode OFF on input line 6388.
LaTeX Info: Redefining \ref on input line 6428.
LaTeX Info: Redefining \pageref on input line 6432.
\Hy@abspage=\count322
\c@Item=\count323
\c@Hfootnote=\count324
)

Package hyperref Message: Driver (autodetected): hxetex.

(/usr/local/texlive/2017/texmf-dist/tex/latex/hyperref/hxetex.def
File: hxetex.def 2017/03/14 v6.85a Hyperref driver for XeTeX
 (/usr/local/texlive/2017/texmf-dist/tex/latex/hyperref/puenc.def
File: puenc.def 2017/03/14 v6.85a Hyperref: PDF Unicode definition (HO)
) (/usr/local/texlive/2017/texmf-dist/tex/generic/oberdiek/stringenc.sty
Package: stringenc 2016/05/16 v1.11 Convert strings between diff. encodings (HO)
)
\pdfm@box=\box34
\c@Hy@AnnotLevel=\count325
\HyField@AnnotCount=\count326
\Fld@listcount=\count327
\c@bookmark@seq@number=\count328
 (/usr/local/texlive/2017/texmf-dist/tex/latex/oberdiek/rerunfilecheck.sty
Package: rerunfilecheck 2016/05/16 v1.8 Rerun checks for auxiliary files (HO)
Package rerunfilecheck Info: Feature \pdfmdfivesum is not available
(rerunfilecheck)             (e.g. pdfTeX or LuaTeX with package `pdftexcmds').
(rerunfilecheck)             Therefore file contents cannot be checked efficiently
(rerunfilecheck)             and the loading of the package is aborted.
)
\Hy@SectionHShift=\skip84
)
\glswrite=\write5
\glo@main@file=\write6
\openout6 = `thesis.glo'.

Package glossaries Info: Writing glossary file thesis.glo on input line 20.
\glo@acronym@file=\write7
\openout7 = `thesis.acn'.

Package glossaries Info: Writing glossary file thesis.acn on input line 20.
 (./chapters/glossaries.tex) (/usr/local/texlive/2017/texmf-dist/tex/latex/titlesec/ttlkeys.def
File: ttlkeys.def 2016/03/15
\c@ttlp@side=\count329
\ttlp@side=\count330
)
Package biblatex Info: Trying to load language 'ngerman'...
Package biblatex Info: ... file 'ngerman.lbx' found.
 (/usr/local/texlive/2017/texmf-dist/tex/latex/biblatex/lbx/ngerman.lbx
File: ngerman.lbx 2016/12/05 v3.7 biblatex localization (PK/JW/AB)
Package biblatex Info: Trying to load language 'german'...
Package biblatex Info: ... file 'german.lbx' found.
 (/usr/local/texlive/2017/texmf-dist/tex/latex/biblatex/lbx/german.lbx
File: german.lbx 2016/12/05 v3.7 biblatex localization (PK/JW/AB)
))

Package biblatex Warning: 'babel/polyglossia' detected but 'csquotes' missing.
(biblatex)                Loading 'csquotes' recommended.

\@quotelevel=\count331
\@quotereset=\count332
(/Users/manuel/Dropbox/04_KIT/02_Master/04_Master Thesis/09_LaTeX/Masterarbeit/.texpadtmp/thesis.aux)
\openout1 = `thesis.aux'.

LaTeX Font Info:    Checking defaults for OML/cmm/m/it on input line 63.
LaTeX Font Info:    ... okay on input line 63.
LaTeX Font Info:    Checking defaults for T1/cmr/m/n on input line 63.
LaTeX Font Info:    ... okay on input line 63.
LaTeX Font Info:    Checking defaults for OT1/cmr/m/n on input line 63.
LaTeX Font Info:    ... okay on input line 63.
LaTeX Font Info:    Checking defaults for OMS/cmsy/m/n on input line 63.
LaTeX Font Info:    ... okay on input line 63.
LaTeX Font Info:    Checking defaults for TU/lmr/m/n on input line 63.
LaTeX Font Info:    ... okay on input line 63.
LaTeX Font Info:    Checking defaults for OMX/cmex/m/n on input line 63.
LaTeX Font Info:    ... okay on input line 63.
LaTeX Font Info:    Checking defaults for U/cmr/m/n on input line 63.
LaTeX Font Info:    ... okay on input line 63.
LaTeX Font Info:    Checking defaults for PD1/pdf/m/n on input line 63.
LaTeX Font Info:    ... okay on input line 63.
LaTeX Font Info:    Checking defaults for PU/pdf/m/n on input line 63.
LaTeX Font Info:    ... okay on input line 63.

*geometry* driver: auto-detecting
*geometry* detected driver: xetex
*geometry* verbose mode - [ preamble ] result:
* driver: xetex
* paper: <default>
* layout: <same size as paper>
* layoutoffset:(h,v)=(0.0pt,0.0pt)
* bindingoffset: 17.07164pt
* modes: includehead includefoot twoside 
* h-part:(L,W,R)=(71.66751pt, 418.05452pt, 107.50133pt)
* v-part:(T,H,B)=(71.13188pt, 652.70622pt, 71.13188pt)
* \paperwidth=614.295pt
* \paperheight=794.96999pt
* \textwidth=418.05452pt
* \textheight=585.70622pt
* \oddsidemargin=16.46916pt
* \evensidemargin=35.23134pt
* \topmargin=-1.1381pt
* \headheight=12.0pt
* \headsep=25.0pt
* \topskip=11.0pt
* \footskip=30.0pt
* \marginparwidth=113.0pt
* \marginparsep=10.0pt
* \columnsep=10.0pt
* \skip\footins=10.0pt plus 4.0pt minus 2.0pt
* \hoffset=0.0pt
* \voffset=0.0pt
* \mag=1000
* \@twocolumnfalse
* \@twosidetrue
* \@mparswitchtrue
* \@reversemarginfalse
* (1in=72.27pt=25.4mm, 1cm=28.453pt)

Package biblatex Info: XeTeX detected.
(biblatex)             Assuming input encoding 'utf8'.
Package biblatex Info: Automatic encoding selection.
(biblatex)             Assuming data encoding 'utf8'.
\openout4 = `thesis.bcf'.

Package biblatex Info: Trying to load bibliographic data...
Package biblatex Info: ... file 'thesis.bbl' found.
(/Users/manuel/Dropbox/04_KIT/02_Master/04_Master Thesis/09_LaTeX/Masterarbeit/.texpadtmp/thesis.bbl)
Package biblatex Info: Reference section=0 on input line 63.
Package biblatex Info: Reference segment=0 on input line 63.
 (/Users/manuel/Dropbox/04_KIT/02_Master/04_Master Thesis/09_LaTeX/Masterarbeit/.texpadtmp/thesis.glsdefs)
\AtBeginShipoutBox=\box35
Package hyperref Info: Link coloring OFF on input line 63.
 (/usr/local/texlive/2017/texmf-dist/tex/latex/hyperref/nameref.sty
Package: nameref 2016/05/21 v2.44 Cross-referencing by name of section
 (/usr/local/texlive/2017/texmf-dist/tex/generic/oberdiek/gettitlestring.sty
Package: gettitlestring 2016/05/16 v1.5 Cleanup title references (HO)
)
\c@section@level=\count333
)
LaTeX Info: Redefining \ref on input line 63.
LaTeX Info: Redefining \pageref on input line 63.
LaTeX Info: Redefining \nameref on input line 63.
 (/Users/manuel/Dropbox/04_KIT/02_Master/04_Master Thesis/09_LaTeX/Masterarbeit/.texpadtmp/thesis.out) (/Users/manuel/Dropbox/04_KIT/02_Master/04_Master Thesis/09_LaTeX/Masterarbeit/.texpadtmp/thesis.out)
\@outlinefile=\write8
\openout8 = `thesis.out'.

 (./chapters/titlepage.tex
File: images/KITLogo.pdf Graphic file (type QTm)
 <use  "images/KITLogo.pdf" >
Package babel Info: Redefining ngerman shorthand "|
(babel)             in language  on input line 33.
Package babel Info: Redefining ngerman shorthand "~
(babel)             in language  on input line 33.
 (/usr/local/texlive/2017/texmf-dist/tex/generic/oberdiek/se-ascii-print.def
File: se-ascii-print.def 2016/05/16 v1.11 stringenc: Printable ASCII characters
)
Package babel Info: Redefining ngerman shorthand "|
(babel)             in language  on input line 33.
Package babel Info: Redefining ngerman shorthand "~
(babel)             in language  on input line 33.
 [1

\openout5 = `thesis.ist'.

]) (./chapters/abstract.tex
Package babel Info: Redefining ngerman shorthand "|
(babel)             in language  on input line 3.
Package babel Info: Redefining ngerman shorthand "~
(babel)             in language  on input line 3.
Package babel Info: Redefining ngerman shorthand "|
(babel)             in language  on input line 3.
Package babel Info: Redefining ngerman shorthand "~
(babel)             in language  on input line 3.
 [2

]) (./chapters/declaration.tex
Package babel Info: Redefining ngerman shorthand "|
(babel)             in language  on input line 3.
Package babel Info: Redefining ngerman shorthand "~
(babel)             in language  on input line 3.
Package babel Info: Redefining ngerman shorthand "|
(babel)             in language  on input line 3.
Package babel Info: Redefining ngerman shorthand "~
(babel)             in language  on input line 3.
 [3]
Package babel Info: Redefining ngerman shorthand "|
(babel)             in language  on input line 3.
Package babel Info: Redefining ngerman shorthand "~
(babel)             in language  on input line 3.
Package babel Info: Redefining ngerman shorthand "|
(babel)             in language  on input line 3.
Package babel Info: Redefining ngerman shorthand "~
(babel)             in language  on input line 3.
 [4

]
Underfull \hbox (badness 10000) in paragraph at lines 5--6

 []

)
Underfull \hbox (badness 10000) in paragraph at lines 13--75

 []

Package babel Info: Redefining ngerman shorthand "|
(babel)             in language  on input line 76.
Package babel Info: Redefining ngerman shorthand "~
(babel)             in language  on input line 76.
Package babel Info: Redefining ngerman shorthand "|
(babel)             in language  on input line 76.
Package babel Info: Redefining ngerman shorthand "~
(babel)             in language  on input line 76.
[5]
Package babel Info: Redefining ngerman shorthand "|
(babel)             in language  on input line 76.
Package babel Info: Redefining ngerman shorthand "~
(babel)             in language  on input line 76.
Package babel Info: Redefining ngerman shorthand "|
(babel)             in language  on input line 76.
Package babel Info: Redefining ngerman shorthand "~
(babel)             in language  on input line 76.
 [6

] (/Users/manuel/Dropbox/04_KIT/02_Master/04_Master Thesis/09_LaTeX/Masterarbeit/.texpadtmp/thesis.toc
Package babel Info: Redefining ngerman shorthand "|
(babel)             in language  on input line 47.
Package babel Info: Redefining ngerman shorthand "~
(babel)             in language  on input line 47.
Package babel Info: Redefining ngerman shorthand "|
(babel)             in language  on input line 47.
Package babel Info: Redefining ngerman shorthand "~
(babel)             in language  on input line 47.
 [7]
Overfull \hbox (3.40543pt too wide) detected at line 65
 \TU/lmr/m/n/10.95 XIX
 []

)
\tf@toc=\write9
\openout9 = `thesis.toc'.



Package Fancyhdr Warning: \headheight is too small (12.0pt): 
 Make it at least 13.59999pt.
 We now make it that large for the rest of the document.
 This may cause the page layout to be inconsistent, however.

Package babel Info: Redefining ngerman shorthand "|
(babel)             in language  on input line 78.
Package babel Info: Redefining ngerman shorthand "~
(babel)             in language  on input line 78.
Package babel Info: Redefining ngerman shorthand "|
(babel)             in language  on input line 78.
Package babel Info: Redefining ngerman shorthand "~
(babel)             in language  on input line 78.
[8] (./chapters/introduction.tex
Kapitel 1.
Package babel Info: Redefining ngerman shorthand "|
(babel)             in language  on input line 3.
Package babel Info: Redefining ngerman shorthand "~
(babel)             in language  on input line 3.
Package babel Info: Redefining ngerman shorthand "|
(babel)             in language  on input line 9.
Package babel Info: Redefining ngerman shorthand "~
(babel)             in language  on input line 9.
Package babel Info: Redefining ngerman shorthand "|
(babel)             in language  on input line 17.
Package babel Info: Redefining ngerman shorthand "~
(babel)             in language  on input line 17.
) (./chapters/grundlagen.tex
Package babel Info: Redefining ngerman shorthand "|
(babel)             in language  on input line 3.
Package babel Info: Redefining ngerman shorthand "~
(babel)             in language  on input line 3.
Package babel Info: Redefining ngerman shorthand "|
(babel)             in language  on input line 3.
Package babel Info: Redefining ngerman shorthand "~
(babel)             in language  on input line 3.
 [1


]
Package babel Info: Redefining ngerman shorthand "|
(babel)             in language  on input line 3.
Package babel Info: Redefining ngerman shorthand "~
(babel)             in language  on input line 3.
Package babel Info: Redefining ngerman shorthand "|
(babel)             in language  on input line 3.
Package babel Info: Redefining ngerman shorthand "~
(babel)             in language  on input line 3.
 [2

]
Kapitel 2.
Package babel Info: Redefining ngerman shorthand "|
(babel)             in language  on input line 3.
Package babel Info: Redefining ngerman shorthand "~
(babel)             in language  on input line 3.
Package babel Info: Redefining ngerman shorthand "|
(babel)             in language  on input line 11.
Package babel Info: Redefining ngerman shorthand "~
(babel)             in language  on input line 11.
Package babel Info: Redefining ngerman shorthand "|
(babel)             in language  on input line 21.
Package babel Info: Redefining ngerman shorthand "~
(babel)             in language  on input line 21.

Underfull \vbox (badness 10000) has occurred while \output is active []

Package babel Info: Redefining ngerman shorthand "|
(babel)             in language  on input line 26.
Package babel Info: Redefining ngerman shorthand "~
(babel)             in language  on input line 26.
Package babel Info: Redefining ngerman shorthand "|
(babel)             in language  on input line 26.
Package babel Info: Redefining ngerman shorthand "~
(babel)             in language  on input line 26.
 [3]
File: images/graph_a.png Graphic file (type QTm)
 <use  "images/graph_a.png" >
Package babel Info: Redefining ngerman shorthand "|
(babel)             in language  on input line 41.
Package babel Info: Redefining ngerman shorthand "~
(babel)             in language  on input line 41.


LaTeX Warning: `h' float specifier changed to `ht'.

Package babel Info: Redefining ngerman shorthand "|
(babel)             in language  on input line 60.
Package babel Info: Redefining ngerman shorthand "~
(babel)             in language  on input line 60.
Package babel Info: Redefining ngerman shorthand "|
(babel)             in language  on input line 60.
Package babel Info: Redefining ngerman shorthand "~
(babel)             in language  on input line 60.
[4]) (./chapters/konzept.tex
Package babel Info: Redefining ngerman shorthand "|
(babel)             in language  on input line 3.
Package babel Info: Redefining ngerman shorthand "~
(babel)             in language  on input line 3.
Package babel Info: Redefining ngerman shorthand "|
(babel)             in language  on input line 3.
Package babel Info: Redefining ngerman shorthand "~
(babel)             in language  on input line 3.
 [5]
Package babel Info: Redefining ngerman shorthand "|
(babel)             in language  on input line 3.
Package babel Info: Redefining ngerman shorthand "~
(babel)             in language  on input line 3.
Package babel Info: Redefining ngerman shorthand "|
(babel)             in language  on input line 3.
Package babel Info: Redefining ngerman shorthand "~
(babel)             in language  on input line 3.
 [6

]
Kapitel 3.
Package babel Info: Redefining ngerman shorthand "|
(babel)             in language  on input line 3.
Package babel Info: Redefining ngerman shorthand "~
(babel)             in language  on input line 3.
Package babel Info: Redefining ngerman shorthand "|
(babel)             in language  on input line 13.
Package babel Info: Redefining ngerman shorthand "~
(babel)             in language  on input line 13.
Package babel Info: Redefining ngerman shorthand "|
(babel)             in language  on input line 21.
Package babel Info: Redefining ngerman shorthand "~
(babel)             in language  on input line 21.
) (./chapters/datengenerierung.tex
Package babel Info: Redefining ngerman shorthand "|
(babel)             in language  on input line 3.
Package babel Info: Redefining ngerman shorthand "~
(babel)             in language  on input line 3.
Package babel Info: Redefining ngerman shorthand "|
(babel)             in language  on input line 3.
Package babel Info: Redefining ngerman shorthand "~
(babel)             in language  on input line 3.
 [7]
Package babel Info: Redefining ngerman shorthand "|
(babel)             in language  on input line 3.
Package babel Info: Redefining ngerman shorthand "~
(babel)             in language  on input line 3.
Package babel Info: Redefining ngerman shorthand "|
(babel)             in language  on input line 3.
Package babel Info: Redefining ngerman shorthand "~
(babel)             in language  on input line 3.
 [8

]
Kapitel 4.
Package babel Info: Redefining ngerman shorthand "|
(babel)             in language  on input line 3.
Package babel Info: Redefining ngerman shorthand "~
(babel)             in language  on input line 3.
Package babel Info: Redefining ngerman shorthand "|
(babel)             in language  on input line 11.
Package babel Info: Redefining ngerman shorthand "~
(babel)             in language  on input line 11.
Package babel Info: Redefining ngerman shorthand "|
(babel)             in language  on input line 19.
Package babel Info: Redefining ngerman shorthand "~
(babel)             in language  on input line 19.
Package babel Info: Redefining ngerman shorthand "|
(babel)             in language  on input line 27.
Package babel Info: Redefining ngerman shorthand "~
(babel)             in language  on input line 27.
Package babel Info: Redefining ngerman shorthand "|
(babel)             in language  on input line 32.
Package babel Info: Redefining ngerman shorthand "~
(babel)             in language  on input line 32.
Package babel Info: Redefining ngerman shorthand "|
(babel)             in language  on input line 32.
Package babel Info: Redefining ngerman shorthand "~
(babel)             in language  on input line 32.
[9]) (./chapters/training.tex
Package babel Info: Redefining ngerman shorthand "|
(babel)             in language  on input line 3.
Package babel Info: Redefining ngerman shorthand "~
(babel)             in language  on input line 3.
Package babel Info: Redefining ngerman shorthand "|
(babel)             in language  on input line 3.
Package babel Info: Redefining ngerman shorthand "~
(babel)             in language  on input line 3.
 [10]
Kapitel 5.
Package babel Info: Redefining ngerman shorthand "|
(babel)             in language  on input line 3.
Package babel Info: Redefining ngerman shorthand "~
(babel)             in language  on input line 3.
Package babel Info: Redefining ngerman shorthand "|
(babel)             in language  on input line 11.
Package babel Info: Redefining ngerman shorthand "~
(babel)             in language  on input line 11.
Package babel Info: Redefining ngerman shorthand "|
(babel)             in language  on input line 19.
Package babel Info: Redefining ngerman shorthand "~
(babel)             in language  on input line 19.
Package babel Info: Redefining ngerman shorthand "|
(babel)             in language  on input line 27.
Package babel Info: Redefining ngerman shorthand "~
(babel)             in language  on input line 27.
Package babel Info: Redefining ngerman shorthand "|
(babel)             in language  on input line 35.
Package babel Info: Redefining ngerman shorthand "~
(babel)             in language  on input line 35.
Package babel Info: Redefining ngerman shorthand "|
(babel)             in language  on input line 35.
Package babel Info: Redefining ngerman shorthand "~
(babel)             in language  on input line 35.
[11

]
Package babel Info: Redefining ngerman shorthand "|
(babel)             in language  on input line 35.
Package babel Info: Redefining ngerman shorthand "~
(babel)             in language  on input line 35.
) (./chapters/evaluation.tex
Package babel Info: Redefining ngerman shorthand "|
(babel)             in language  on input line 3.
Package babel Info: Redefining ngerman shorthand "~
(babel)             in language  on input line 3.
Package babel Info: Redefining ngerman shorthand "|
(babel)             in language  on input line 3.
Package babel Info: Redefining ngerman shorthand "~
(babel)             in language  on input line 3.
 [12]
Kapitel 6.
Package babel Info: Redefining ngerman shorthand "|
(babel)             in language  on input line 3.
Package babel Info: Redefining ngerman shorthand "~
(babel)             in language  on input line 3.
Package babel Info: Redefining ngerman shorthand "|
(babel)             in language  on input line 11.
Package babel Info: Redefining ngerman shorthand "~
(babel)             in language  on input line 11.
Package babel Info: Redefining ngerman shorthand "|
(babel)             in language  on input line 19.
Package babel Info: Redefining ngerman shorthand "~
(babel)             in language  on input line 19.
) (./chapters/conclusion.tex
Package babel Info: Redefining ngerman shorthand "|
(babel)             in language  on input line 3.
Package babel Info: Redefining ngerman shorthand "~
(babel)             in language  on input line 3.
Package babel Info: Redefining ngerman shorthand "|
(babel)             in language  on input line 3.
Package babel Info: Redefining ngerman shorthand "~
(babel)             in language  on input line 3.
 [13

]
Package babel Info: Redefining ngerman shorthand "|
(babel)             in language  on input line 3.
Package babel Info: Redefining ngerman shorthand "~
(babel)             in language  on input line 3.
Package babel Info: Redefining ngerman shorthand "|
(babel)             in language  on input line 3.
Package babel Info: Redefining ngerman shorthand "~
(babel)             in language  on input line 3.
 [14

]
Kapitel 7.
Package babel Info: Redefining ngerman shorthand "|
(babel)             in language  on input line 3.
Package babel Info: Redefining ngerman shorthand "~
(babel)             in language  on input line 3.
Package babel Info: Redefining ngerman shorthand "|
(babel)             in language  on input line 11.
Package babel Info: Redefining ngerman shorthand "~
(babel)             in language  on input line 11.
Package babel Info: Redefining ngerman shorthand "|
(babel)             in language  on input line 19.
Package babel Info: Redefining ngerman shorthand "~
(babel)             in language  on input line 19.
)
Package babel Info: Redefining ngerman shorthand "|
(babel)             in language  on input line 95.
Package babel Info: Redefining ngerman shorthand "~
(babel)             in language  on input line 95.
Package babel Info: Redefining ngerman shorthand "|
(babel)             in language  on input line 95.
Package babel Info: Redefining ngerman shorthand "~
(babel)             in language  on input line 95.
 [15]
Package babel Info: Redefining ngerman shorthand "|
(babel)             in language  on input line 95.
Package babel Info: Redefining ngerman shorthand "~
(babel)             in language  on input line 95.
Package babel Info: Redefining ngerman shorthand "|
(babel)             in language  on input line 95.
Package babel Info: Redefining ngerman shorthand "~
(babel)             in language  on input line 95.
 [16

]
Package babel Info: Redefining ngerman shorthand "|
(babel)             in language  on input line 101.
Package babel Info: Redefining ngerman shorthand "~
(babel)             in language  on input line 101.
 (/Users/manuel/Dropbox/04_KIT/02_Master/04_Master Thesis/09_LaTeX/Masterarbeit/.texpadtmp/thesis.acr
Package babel Info: Redefining ngerman shorthand "|
(babel)             in language  on input line 1.
Package babel Info: Redefining ngerman shorthand "~
(babel)             in language  on input line 1.
Package babel Info: Redefining ngerman shorthand "|
(babel)             in language  on input line 1.
Package babel Info: Redefining ngerman shorthand "~
(babel)             in language  on input line 1.
 [11

]
Package babel Info: Redefining ngerman shorthand "|
(babel)             in language  on input line 1.
Package babel Info: Redefining ngerman shorthand "~
(babel)             in language  on input line 1.
Package babel Info: Redefining ngerman shorthand "|
(babel)             in language  on input line 1.
Package babel Info: Redefining ngerman shorthand "~
(babel)             in language  on input line 1.
 [12

])
Package babel Info: Redefining ngerman shorthand "|
(babel)             in language  on input line 104.
Package babel Info: Redefining ngerman shorthand "~
(babel)             in language  on input line 104.
Package babel Info: Redefining ngerman shorthand "|
(babel)             in language  on input line 106.
Package babel Info: Redefining ngerman shorthand "~
(babel)             in language  on input line 106.
Package babel Info: Redefining ngerman shorthand "|
(babel)             in language  on input line 106.
Package babel Info: Redefining ngerman shorthand "~
(babel)             in language  on input line 106.
 [13

]
Package babel Info: Redefining ngerman shorthand "|
(babel)             in language  on input line 106.
Package babel Info: Redefining ngerman shorthand "~
(babel)             in language  on input line 106.
Package babel Info: Redefining ngerman shorthand "|
(babel)             in language  on input line 106.
Package babel Info: Redefining ngerman shorthand "~
(babel)             in language  on input line 106.
 [14

] (/Users/manuel/Dropbox/04_KIT/02_Master/04_Master Thesis/09_LaTeX/Masterarbeit/.texpadtmp/thesis.lot)
\tf@lot=\write10
\openout10 = `thesis.lot'.

Package babel Info: Redefining ngerman shorthand "|
(babel)             in language  on input line 107.
Package babel Info: Redefining ngerman shorthand "~
(babel)             in language  on input line 107.
Package babel Info: Redefining ngerman shorthand "|
(babel)             in language  on input line 109.
Package babel Info: Redefining ngerman shorthand "~
(babel)             in language  on input line 109.
Package babel Info: Redefining ngerman shorthand "|
(babel)             in language  on input line 109.
Package babel Info: Redefining ngerman shorthand "~
(babel)             in language  on input line 109.
 [15]
Package babel Info: Redefining ngerman shorthand "|
(babel)             in language  on input line 109.
Package babel Info: Redefining ngerman shorthand "~
(babel)             in language  on input line 109.
Package babel Info: Redefining ngerman shorthand "|
(babel)             in language  on input line 109.
Package babel Info: Redefining ngerman shorthand "~
(babel)             in language  on input line 109.
 [16

] (/Users/manuel/Dropbox/04_KIT/02_Master/04_Master Thesis/09_LaTeX/Masterarbeit/.texpadtmp/thesis.lof)
\tf@lof=\write11
\openout11 = `thesis.lof'.

Package babel Info: Redefining ngerman shorthand "|
(babel)             in language  on input line 110.
Package babel Info: Redefining ngerman shorthand "~
(babel)             in language  on input line 110.
 (./chapters/appendix.tex
Package babel Info: Redefining ngerman shorthand "|
(babel)             in language  on input line 3.
Package babel Info: Redefining ngerman shorthand "~
(babel)             in language  on input line 3.
Package babel Info: Redefining ngerman shorthand "|
(babel)             in language  on input line 3.
Package babel Info: Redefining ngerman shorthand "~
(babel)             in language  on input line 3.
 [17]
Package babel Info: Redefining ngerman shorthand "|
(babel)             in language  on input line 3.
Package babel Info: Redefining ngerman shorthand "~
(babel)             in language  on input line 3.
Package babel Info: Redefining ngerman shorthand "|
(babel)             in language  on input line 3.
Package babel Info: Redefining ngerman shorthand "~
(babel)             in language  on input line 3.
 [18

]
Anhang A.
Package babel Info: Redefining ngerman shorthand "|
(babel)             in language  on input line 3.
Package babel Info: Redefining ngerman shorthand "~
(babel)             in language  on input line 3.
Package babel Info: Redefining ngerman shorthand "|
(babel)             in language  on input line 5.
Package babel Info: Redefining ngerman shorthand "~
(babel)             in language  on input line 5.
Package babel Info: Redefining ngerman shorthand "|
(babel)             in language  on input line 14.
Package babel Info: Redefining ngerman shorthand "~
(babel)             in language  on input line 14.
Package babel Info: Redefining ngerman shorthand "|
(babel)             in language  on input line 14.
Package babel Info: Redefining ngerman shorthand "~
(babel)             in language  on input line 14.
[19])
Package atveryend Info: Empty hook `BeforeClearDocument' on input line 116.
Package babel Info: Redefining ngerman shorthand "|
(babel)             in language  on input line 116.
Package babel Info: Redefining ngerman shorthand "~
(babel)             in language  on input line 116.
Package babel Info: Redefining ngerman shorthand "|
(babel)             in language  on input line 116.
Package babel Info: Redefining ngerman shorthand "~
(babel)             in language  on input line 116.
 [20]
Package atveryend Info: Empty hook `AfterLastShipout' on input line 116.
 (/Users/manuel/Dropbox/04_KIT/02_Master/04_Master Thesis/09_LaTeX/Masterarbeit/.texpadtmp/thesis.aux)
Package atveryend Info: Empty hook `AtVeryEndDocument' on input line 116.
Package atveryend Info: Empty hook `AtEndAfterFileList' on input line 116.
Package logreq Info: Writing requests to 'thesis.run.xml'.
\openout1 = `thesis.run.xml'.

 ) 
Here is how much of TeX's memory you used:
 22020 strings out of 493005
 365757 string characters out of 6134597
 888414 words of memory out of 5000000
 25632 multiletter control sequences out of 15000+600000
 7517 words of font info for 40 fonts, out of 8000000 for 9000
 1352 hyphenation exceptions out of 8191
 45i,11n,51p,1956b,4493s stack positions out of 5000i,500n,10000p,200000b,80000s

Output written on /Users/manuel/Dropbox/04_KIT/02_Master/04_Master Thesis/09_LaTeX/Masterarbeit/.texpadtmp/thesis.pdf (34 pages).
