\BOOKMARK [0][-]{chapter.1}{Einleitung}{}% 1
\BOOKMARK [1][-]{section.1.1}{Problemstellung\040und\040Motivation}{chapter.1}% 2
\BOOKMARK [1][-]{section.1.2}{Zielsetzung}{chapter.1}% 3
\BOOKMARK [0][-]{chapter.2}{Grundlagen:\040Hochautomatisiertes\040Fahren}{}% 4
\BOOKMARK [1][-]{section.2.1}{Entwicklung\040hochautomatisierter\040Fahrfunktionen}{chapter.2}% 5
\BOOKMARK [1][-]{section.2.2}{Simulation\040in\040der\040Entwicklung}{chapter.2}% 6
\BOOKMARK [1][-]{section.2.3}{Maschinelles\040Lernen\040in\040der\040Entwicklung}{chapter.2}% 7
\BOOKMARK [0][-]{chapter.3}{Konzept für die Klassifizierung von Fahrszenarien}{}% 8
\BOOKMARK [1][-]{section.3.1}{Struktur}{chapter.3}% 9
\BOOKMARK [1][-]{section.3.2}{Methodik}{chapter.3}% 10
\BOOKMARK [0][-]{chapter.4}{Datenvorbereitung}{}% 11
\BOOKMARK [1][-]{section.4.1}{Definition\040von\040Fahrszenarien}{chapter.4}% 12
\BOOKMARK [1][-]{section.4.2}{Simulation\040mit\040CarMaker}{chapter.4}% 13
\BOOKMARK [1][-]{section.4.3}{Daten\040Labeling}{chapter.4}% 14
\BOOKMARK [0][-]{chapter.5}{Training\040mit\040neuronalen\040Netzen}{}% 15
\BOOKMARK [1][-]{section.5.1}{Convolutional\040Neural\040Network}{chapter.5}% 16
\BOOKMARK [1][-]{section.5.2}{LSTM}{chapter.5}% 17
\BOOKMARK [1][-]{section.5.3}{Architektur für das Training}{chapter.5}% 18
\BOOKMARK [1][-]{section.5.4}{Experimente}{chapter.5}% 19
\BOOKMARK [0][-]{chapter.6}{Evaluation}{}% 20
\BOOKMARK [1][-]{section.6.1}{Simulierte\040Daten}{chapter.6}% 21
\BOOKMARK [1][-]{section.6.2}{Reale\040Daten}{chapter.6}% 22
\BOOKMARK [0][-]{chapter.7}{Zusammenfassung}{}% 23
\BOOKMARK [1][-]{section.7.1}{Ergebnis\040und\040Diskussion}{chapter.7}% 24
\BOOKMARK [1][-]{section.7.2}{Ausblick}{chapter.7}% 25
\BOOKMARK [0][-]{chapter*.4}{Literaturverzeichnis}{}% 26
\BOOKMARK [0][-]{chapter*.6}{Abkürzungsverzeichnis}{}% 27
\BOOKMARK [0][-]{chapter*.7}{Tabellenverzeichnis}{}% 28
\BOOKMARK [0][-]{chapter*.8}{Abbildungsverzeichnis}{}% 29
\BOOKMARK [0][-]{appendix.A}{Appendix\040Title}{}% 30
\BOOKMARK [1][-]{section.A.1}{Teil\0401\040des\040Anhangs}{appendix.A}% 31
